<?xml version="1.0" encoding="UTF-8"?>
<!-- Generated by org.testng.reporters.JUnitReportReporter -->
<testsuite skipped="0" hostname="MB-C02D13RBMD6T.local" name="com.oracle.assessment.endpoints.MeasurementsTest" tests="4" failures="0" timestamp="2022-06-10T20:36:21 CDT" time="5.405" errors="0">
  <testcase name="tc001_verify_statusCode" time="0.855" classname="com.oracle.assessment.endpoints.MeasurementsTest"/>
  <system-out/>
  <testcase name="tc001_verify_statusCode" time="2.421" classname="com.oracle.assessment.endpoints.MeasurementsTest"/>
  <system-out/>
  <testcase name="tc002_verify_measurementByCity" time="0.694" classname="com.oracle.assessment.endpoints.MeasurementsTest"/>
  <system-out/>
  <testcase name="tc002_verify_measurementByCity" time="1.435" classname="com.oracle.assessment.endpoints.MeasurementsTest"/>
  <system-out/>
</testsuite> <!-- com.oracle.assessment.endpoints.MeasurementsTest -->
